[23-Mar-2023 05:40:45 Europe/Istanbul] PHP Fatal error:  Uncaught ErrorException: Undefined variable: states in /home/l30g8pmrb8sv/public_html/storage/framework/views/eeacf8c1304808162ac742dd930e138ef01c324d.php:60
Stack trace:
#0 /home/l30g8pmrb8sv/public_html/storage/framework/views/eeacf8c1304808162ac742dd930e138ef01c324d.php(60): Illuminate\Foundation\Bootstrap\HandleExceptions->handleError(8, 'Undefined varia...', '/home/l30g8pmrb...', 60, Array)
#1 /home/l30g8pmrb8sv/public_html/vendor/laravel/framework/src/Illuminate/Filesystem/Filesystem.php(107): require('/home/l30g8pmrb...')
#2 /home/l30g8pmrb8sv/public_html/vendor/laravel/framework/src/Illuminate/Filesystem/Filesystem.php(108): Illuminate\Filesystem\Filesystem::Illuminate\Filesystem\{closure}()
#3 /home/l30g8pmrb8sv/public_html/vendor/laravel/framework/src/Illuminate/View/Engines/PhpEngine.php(58): Illuminate\Filesystem\Filesystem->getRequire('/home/l30g8pmrb...', Array)
#4 /home/l30g8pmrb8sv/public_html/vendor/laravel/framework/src/Illuminate/View/Engines/CompilerEngine.php(61): Illuminate\View\Engines\ in /home/l30g8pmrb8sv/public_html/resources/views/frontend/includes/footer.blade.php on line 60
[23-Mar-2023 09:20:35 Europe/Istanbul] PHP Fatal error:  Uncaught ErrorException: Undefined variable: states in /home/l30g8pmrb8sv/public_html/storage/framework/views/eeacf8c1304808162ac742dd930e138ef01c324d.php:60
Stack trace:
#0 /home/l30g8pmrb8sv/public_html/storage/framework/views/eeacf8c1304808162ac742dd930e138ef01c324d.php(60): Illuminate\Foundation\Bootstrap\HandleExceptions->handleError(8, 'Undefined varia...', '/home/l30g8pmrb...', 60, Array)
#1 /home/l30g8pmrb8sv/public_html/vendor/laravel/framework/src/Illuminate/Filesystem/Filesystem.php(107): require('/home/l30g8pmrb...')
#2 /home/l30g8pmrb8sv/public_html/vendor/laravel/framework/src/Illuminate/Filesystem/Filesystem.php(108): Illuminate\Filesystem\Filesystem::Illuminate\Filesystem\{closure}()
#3 /home/l30g8pmrb8sv/public_html/vendor/laravel/framework/src/Illuminate/View/Engines/PhpEngine.php(58): Illuminate\Filesystem\Filesystem->getRequire('/home/l30g8pmrb...', Array)
#4 /home/l30g8pmrb8sv/public_html/vendor/laravel/framework/src/Illuminate/View/Engines/CompilerEngine.php(61): Illuminate\View\Engines\ in /home/l30g8pmrb8sv/public_html/resources/views/frontend/includes/footer.blade.php on line 60
[23-Mar-2023 22:25:19 Europe/Istanbul] PHP Fatal error:  Uncaught ErrorException: Undefined variable: states in /home/l30g8pmrb8sv/public_html/storage/framework/views/eeacf8c1304808162ac742dd930e138ef01c324d.php:60
Stack trace:
#0 /home/l30g8pmrb8sv/public_html/storage/framework/views/eeacf8c1304808162ac742dd930e138ef01c324d.php(60): Illuminate\Foundation\Bootstrap\HandleExceptions->handleError(8, 'Undefined varia...', '/home/l30g8pmrb...', 60, Array)
#1 /home/l30g8pmrb8sv/public_html/vendor/laravel/framework/src/Illuminate/Filesystem/Filesystem.php(107): require('/home/l30g8pmrb...')
#2 /home/l30g8pmrb8sv/public_html/vendor/laravel/framework/src/Illuminate/Filesystem/Filesystem.php(108): Illuminate\Filesystem\Filesystem::Illuminate\Filesystem\{closure}()
#3 /home/l30g8pmrb8sv/public_html/vendor/laravel/framework/src/Illuminate/View/Engines/PhpEngine.php(58): Illuminate\Filesystem\Filesystem->getRequire('/home/l30g8pmrb...', Array)
#4 /home/l30g8pmrb8sv/public_html/vendor/laravel/framework/src/Illuminate/View/Engines/CompilerEngine.php(61): Illuminate\View\Engines\ in /home/l30g8pmrb8sv/public_html/resources/views/frontend/includes/footer.blade.php on line 60
[24-Mar-2023 09:04:15 Europe/Istanbul] PHP Fatal error:  Uncaught ErrorException: Undefined variable: states in /home/l30g8pmrb8sv/public_html/storage/framework/views/eeacf8c1304808162ac742dd930e138ef01c324d.php:60
Stack trace:
#0 /home/l30g8pmrb8sv/public_html/storage/framework/views/eeacf8c1304808162ac742dd930e138ef01c324d.php(60): Illuminate\Foundation\Bootstrap\HandleExceptions->handleError(8, 'Undefined varia...', '/home/l30g8pmrb...', 60, Array)
#1 /home/l30g8pmrb8sv/public_html/vendor/laravel/framework/src/Illuminate/Filesystem/Filesystem.php(107): require('/home/l30g8pmrb...')
#2 /home/l30g8pmrb8sv/public_html/vendor/laravel/framework/src/Illuminate/Filesystem/Filesystem.php(108): Illuminate\Filesystem\Filesystem::Illuminate\Filesystem\{closure}()
#3 /home/l30g8pmrb8sv/public_html/vendor/laravel/framework/src/Illuminate/View/Engines/PhpEngine.php(58): Illuminate\Filesystem\Filesystem->getRequire('/home/l30g8pmrb...', Array)
#4 /home/l30g8pmrb8sv/public_html/vendor/laravel/framework/src/Illuminate/View/Engines/CompilerEngine.php(61): Illuminate\View\Engines\ in /home/l30g8pmrb8sv/public_html/resources/views/frontend/includes/footer.blade.php on line 60
[25-Mar-2023 22:42:32 Europe/Istanbul] PHP Fatal error:  Uncaught ErrorException: Undefined variable: states in /home/l30g8pmrb8sv/public_html/storage/framework/views/eeacf8c1304808162ac742dd930e138ef01c324d.php:60
Stack trace:
#0 /home/l30g8pmrb8sv/public_html/storage/framework/views/eeacf8c1304808162ac742dd930e138ef01c324d.php(60): Illuminate\Foundation\Bootstrap\HandleExceptions->handleError(8, 'Undefined varia...', '/home/l30g8pmrb...', 60, Array)
#1 /home/l30g8pmrb8sv/public_html/vendor/laravel/framework/src/Illuminate/Filesystem/Filesystem.php(107): require('/home/l30g8pmrb...')
#2 /home/l30g8pmrb8sv/public_html/vendor/laravel/framework/src/Illuminate/Filesystem/Filesystem.php(108): Illuminate\Filesystem\Filesystem::Illuminate\Filesystem\{closure}()
#3 /home/l30g8pmrb8sv/public_html/vendor/laravel/framework/src/Illuminate/View/Engines/PhpEngine.php(58): Illuminate\Filesystem\Filesystem->getRequire('/home/l30g8pmrb...', Array)
#4 /home/l30g8pmrb8sv/public_html/vendor/laravel/framework/src/Illuminate/View/Engines/CompilerEngine.php(61): Illuminate\View\Engines\ in /home/l30g8pmrb8sv/public_html/resources/views/frontend/includes/footer.blade.php on line 60
[27-Mar-2023 21:25:54 Europe/Istanbul] PHP Fatal error:  Uncaught ErrorException: Undefined variable: states in /home/l30g8pmrb8sv/public_html/storage/framework/views/eeacf8c1304808162ac742dd930e138ef01c324d.php:60
Stack trace:
#0 /home/l30g8pmrb8sv/public_html/storage/framework/views/eeacf8c1304808162ac742dd930e138ef01c324d.php(60): Illuminate\Foundation\Bootstrap\HandleExceptions->handleError(8, 'Undefined varia...', '/home/l30g8pmrb...', 60, Array)
#1 /home/l30g8pmrb8sv/public_html/vendor/laravel/framework/src/Illuminate/Filesystem/Filesystem.php(107): require('/home/l30g8pmrb...')
#2 /home/l30g8pmrb8sv/public_html/vendor/laravel/framework/src/Illuminate/Filesystem/Filesystem.php(108): Illuminate\Filesystem\Filesystem::Illuminate\Filesystem\{closure}()
#3 /home/l30g8pmrb8sv/public_html/vendor/laravel/framework/src/Illuminate/View/Engines/PhpEngine.php(58): Illuminate\Filesystem\Filesystem->getRequire('/home/l30g8pmrb...', Array)
#4 /home/l30g8pmrb8sv/public_html/vendor/laravel/framework/src/Illuminate/View/Engines/CompilerEngine.php(61): Illuminate\View\Engines\ in /home/l30g8pmrb8sv/public_html/resources/views/frontend/includes/footer.blade.php on line 60
[28-Mar-2023 07:58:27 Europe/Istanbul] PHP Fatal error:  Uncaught ErrorException: Undefined variable: states in /home/l30g8pmrb8sv/public_html/storage/framework/views/eeacf8c1304808162ac742dd930e138ef01c324d.php:60
Stack trace:
#0 /home/l30g8pmrb8sv/public_html/storage/framework/views/eeacf8c1304808162ac742dd930e138ef01c324d.php(60): Illuminate\Foundation\Bootstrap\HandleExceptions->handleError(8, 'Undefined varia...', '/home/l30g8pmrb...', 60, Array)
#1 /home/l30g8pmrb8sv/public_html/vendor/laravel/framework/src/Illuminate/Filesystem/Filesystem.php(107): require('/home/l30g8pmrb...')
#2 /home/l30g8pmrb8sv/public_html/vendor/laravel/framework/src/Illuminate/Filesystem/Filesystem.php(108): Illuminate\Filesystem\Filesystem::Illuminate\Filesystem\{closure}()
#3 /home/l30g8pmrb8sv/public_html/vendor/laravel/framework/src/Illuminate/View/Engines/PhpEngine.php(58): Illuminate\Filesystem\Filesystem->getRequire('/home/l30g8pmrb...', Array)
#4 /home/l30g8pmrb8sv/public_html/vendor/laravel/framework/src/Illuminate/View/Engines/CompilerEngine.php(61): Illuminate\View\Engines\ in /home/l30g8pmrb8sv/public_html/resources/views/frontend/includes/footer.blade.php on line 60
[28-Mar-2023 07:58:34 Europe/Istanbul] PHP Fatal error:  Uncaught ErrorException: Undefined variable: states in /home/l30g8pmrb8sv/public_html/storage/framework/views/eeacf8c1304808162ac742dd930e138ef01c324d.php:60
Stack trace:
#0 /home/l30g8pmrb8sv/public_html/storage/framework/views/eeacf8c1304808162ac742dd930e138ef01c324d.php(60): Illuminate\Foundation\Bootstrap\HandleExceptions->handleError(8, 'Undefined varia...', '/home/l30g8pmrb...', 60, Array)
#1 /home/l30g8pmrb8sv/public_html/vendor/laravel/framework/src/Illuminate/Filesystem/Filesystem.php(107): require('/home/l30g8pmrb...')
#2 /home/l30g8pmrb8sv/public_html/vendor/laravel/framework/src/Illuminate/Filesystem/Filesystem.php(108): Illuminate\Filesystem\Filesystem::Illuminate\Filesystem\{closure}()
#3 /home/l30g8pmrb8sv/public_html/vendor/laravel/framework/src/Illuminate/View/Engines/PhpEngine.php(58): Illuminate\Filesystem\Filesystem->getRequire('/home/l30g8pmrb...', Array)
#4 /home/l30g8pmrb8sv/public_html/vendor/laravel/framework/src/Illuminate/View/Engines/CompilerEngine.php(61): Illuminate\View\Engines\ in /home/l30g8pmrb8sv/public_html/resources/views/frontend/includes/footer.blade.php on line 60
[01-Apr-2023 05:51:42 Europe/Istanbul] PHP Fatal error:  Uncaught ErrorException: Undefined variable: states in /home/l30g8pmrb8sv/public_html/storage/framework/views/eeacf8c1304808162ac742dd930e138ef01c324d.php:60
Stack trace:
#0 /home/l30g8pmrb8sv/public_html/storage/framework/views/eeacf8c1304808162ac742dd930e138ef01c324d.php(60): Illuminate\Foundation\Bootstrap\HandleExceptions->handleError(8, 'Undefined varia...', '/home/l30g8pmrb...', 60, Array)
#1 /home/l30g8pmrb8sv/public_html/vendor/laravel/framework/src/Illuminate/Filesystem/Filesystem.php(107): require('/home/l30g8pmrb...')
#2 /home/l30g8pmrb8sv/public_html/vendor/laravel/framework/src/Illuminate/Filesystem/Filesystem.php(108): Illuminate\Filesystem\Filesystem::Illuminate\Filesystem\{closure}()
#3 /home/l30g8pmrb8sv/public_html/vendor/laravel/framework/src/Illuminate/View/Engines/PhpEngine.php(58): Illuminate\Filesystem\Filesystem->getRequire('/home/l30g8pmrb...', Array)
#4 /home/l30g8pmrb8sv/public_html/vendor/laravel/framework/src/Illuminate/View/Engines/CompilerEngine.php(61): Illuminate\View\Engines\ in /home/l30g8pmrb8sv/public_html/resources/views/frontend/includes/footer.blade.php on line 60
[01-Apr-2023 11:03:44 Europe/Istanbul] PHP Fatal error:  Uncaught ErrorException: Undefined variable: states in /home/l30g8pmrb8sv/public_html/storage/framework/views/eeacf8c1304808162ac742dd930e138ef01c324d.php:60
Stack trace:
#0 /home/l30g8pmrb8sv/public_html/storage/framework/views/eeacf8c1304808162ac742dd930e138ef01c324d.php(60): Illuminate\Foundation\Bootstrap\HandleExceptions->handleError(8, 'Undefined varia...', '/home/l30g8pmrb...', 60, Array)
#1 /home/l30g8pmrb8sv/public_html/vendor/laravel/framework/src/Illuminate/Filesystem/Filesystem.php(107): require('/home/l30g8pmrb...')
#2 /home/l30g8pmrb8sv/public_html/vendor/laravel/framework/src/Illuminate/Filesystem/Filesystem.php(108): Illuminate\Filesystem\Filesystem::Illuminate\Filesystem\{closure}()
#3 /home/l30g8pmrb8sv/public_html/vendor/laravel/framework/src/Illuminate/View/Engines/PhpEngine.php(58): Illuminate\Filesystem\Filesystem->getRequire('/home/l30g8pmrb...', Array)
#4 /home/l30g8pmrb8sv/public_html/vendor/laravel/framework/src/Illuminate/View/Engines/CompilerEngine.php(61): Illuminate\View\Engines\ in /home/l30g8pmrb8sv/public_html/resources/views/frontend/includes/footer.blade.php on line 60
[01-Apr-2023 19:10:18 Europe/Istanbul] PHP Fatal error:  Uncaught ErrorException: Undefined variable: states in /home/l30g8pmrb8sv/public_html/storage/framework/views/eeacf8c1304808162ac742dd930e138ef01c324d.php:60
Stack trace:
#0 /home/l30g8pmrb8sv/public_html/storage/framework/views/eeacf8c1304808162ac742dd930e138ef01c324d.php(60): Illuminate\Foundation\Bootstrap\HandleExceptions->handleError(8, 'Undefined varia...', '/home/l30g8pmrb...', 60, Array)
#1 /home/l30g8pmrb8sv/public_html/vendor/laravel/framework/src/Illuminate/Filesystem/Filesystem.php(107): require('/home/l30g8pmrb...')
#2 /home/l30g8pmrb8sv/public_html/vendor/laravel/framework/src/Illuminate/Filesystem/Filesystem.php(108): Illuminate\Filesystem\Filesystem::Illuminate\Filesystem\{closure}()
#3 /home/l30g8pmrb8sv/public_html/vendor/laravel/framework/src/Illuminate/View/Engines/PhpEngine.php(58): Illuminate\Filesystem\Filesystem->getRequire('/home/l30g8pmrb...', Array)
#4 /home/l30g8pmrb8sv/public_html/vendor/laravel/framework/src/Illuminate/View/Engines/CompilerEngine.php(61): Illuminate\View\Engines\ in /home/l30g8pmrb8sv/public_html/resources/views/frontend/includes/footer.blade.php on line 60
[01-Apr-2023 19:10:45 Europe/Istanbul] PHP Fatal error:  Uncaught ErrorException: Undefined variable: states in /home/l30g8pmrb8sv/public_html/storage/framework/views/eeacf8c1304808162ac742dd930e138ef01c324d.php:60
Stack trace:
#0 /home/l30g8pmrb8sv/public_html/storage/framework/views/eeacf8c1304808162ac742dd930e138ef01c324d.php(60): Illuminate\Foundation\Bootstrap\HandleExceptions->handleError(8, 'Undefined varia...', '/home/l30g8pmrb...', 60, Array)
#1 /home/l30g8pmrb8sv/public_html/vendor/laravel/framework/src/Illuminate/Filesystem/Filesystem.php(107): require('/home/l30g8pmrb...')
#2 /home/l30g8pmrb8sv/public_html/vendor/laravel/framework/src/Illuminate/Filesystem/Filesystem.php(108): Illuminate\Filesystem\Filesystem::Illuminate\Filesystem\{closure}()
#3 /home/l30g8pmrb8sv/public_html/vendor/laravel/framework/src/Illuminate/View/Engines/PhpEngine.php(58): Illuminate\Filesystem\Filesystem->getRequire('/home/l30g8pmrb...', Array)
#4 /home/l30g8pmrb8sv/public_html/vendor/laravel/framework/src/Illuminate/View/Engines/CompilerEngine.php(61): Illuminate\View\Engines\ in /home/l30g8pmrb8sv/public_html/resources/views/frontend/includes/footer.blade.php on line 60
[03-Apr-2023 18:35:43 Europe/Istanbul] PHP Fatal error:  Uncaught ErrorException: Undefined variable: states in /home/l30g8pmrb8sv/public_html/storage/framework/views/eeacf8c1304808162ac742dd930e138ef01c324d.php:60
Stack trace:
#0 /home/l30g8pmrb8sv/public_html/storage/framework/views/eeacf8c1304808162ac742dd930e138ef01c324d.php(60): Illuminate\Foundation\Bootstrap\HandleExceptions->handleError(8, 'Undefined varia...', '/home/l30g8pmrb...', 60, Array)
#1 /home/l30g8pmrb8sv/public_html/vendor/laravel/framework/src/Illuminate/Filesystem/Filesystem.php(107): require('/home/l30g8pmrb...')
#2 /home/l30g8pmrb8sv/public_html/vendor/laravel/framework/src/Illuminate/Filesystem/Filesystem.php(108): Illuminate\Filesystem\Filesystem::Illuminate\Filesystem\{closure}()
#3 /home/l30g8pmrb8sv/public_html/vendor/laravel/framework/src/Illuminate/View/Engines/PhpEngine.php(58): Illuminate\Filesystem\Filesystem->getRequire('/home/l30g8pmrb...', Array)
#4 /home/l30g8pmrb8sv/public_html/vendor/laravel/framework/src/Illuminate/View/Engines/CompilerEngine.php(61): Illuminate\View\Engines\ in /home/l30g8pmrb8sv/public_html/resources/views/frontend/includes/footer.blade.php on line 60
[04-Apr-2023 11:40:45 Europe/Istanbul] PHP Fatal error:  Uncaught ErrorException: Undefined variable: states in /home/l30g8pmrb8sv/public_html/storage/framework/views/eeacf8c1304808162ac742dd930e138ef01c324d.php:60
Stack trace:
#0 /home/l30g8pmrb8sv/public_html/storage/framework/views/eeacf8c1304808162ac742dd930e138ef01c324d.php(60): Illuminate\Foundation\Bootstrap\HandleExceptions->handleError(8, 'Undefined varia...', '/home/l30g8pmrb...', 60, Array)
#1 /home/l30g8pmrb8sv/public_html/vendor/laravel/framework/src/Illuminate/Filesystem/Filesystem.php(107): require('/home/l30g8pmrb...')
#2 /home/l30g8pmrb8sv/public_html/vendor/laravel/framework/src/Illuminate/Filesystem/Filesystem.php(108): Illuminate\Filesystem\Filesystem::Illuminate\Filesystem\{closure}()
#3 /home/l30g8pmrb8sv/public_html/vendor/laravel/framework/src/Illuminate/View/Engines/PhpEngine.php(58): Illuminate\Filesystem\Filesystem->getRequire('/home/l30g8pmrb...', Array)
#4 /home/l30g8pmrb8sv/public_html/vendor/laravel/framework/src/Illuminate/View/Engines/CompilerEngine.php(61): Illuminate\View\Engines\ in /home/l30g8pmrb8sv/public_html/resources/views/frontend/includes/footer.blade.php on line 60
[04-Apr-2023 14:27:27 Europe/Istanbul] PHP Fatal error:  Uncaught ErrorException: Undefined variable: states in /home/l30g8pmrb8sv/public_html/storage/framework/views/eeacf8c1304808162ac742dd930e138ef01c324d.php:60
Stack trace:
#0 /home/l30g8pmrb8sv/public_html/storage/framework/views/eeacf8c1304808162ac742dd930e138ef01c324d.php(60): Illuminate\Foundation\Bootstrap\HandleExceptions->handleError(8, 'Undefined varia...', '/home/l30g8pmrb...', 60, Array)
#1 /home/l30g8pmrb8sv/public_html/vendor/laravel/framework/src/Illuminate/Filesystem/Filesystem.php(107): require('/home/l30g8pmrb...')
#2 /home/l30g8pmrb8sv/public_html/vendor/laravel/framework/src/Illuminate/Filesystem/Filesystem.php(108): Illuminate\Filesystem\Filesystem::Illuminate\Filesystem\{closure}()
#3 /home/l30g8pmrb8sv/public_html/vendor/laravel/framework/src/Illuminate/View/Engines/PhpEngine.php(58): Illuminate\Filesystem\Filesystem->getRequire('/home/l30g8pmrb...', Array)
#4 /home/l30g8pmrb8sv/public_html/vendor/laravel/framework/src/Illuminate/View/Engines/CompilerEngine.php(61): Illuminate\View\Engines\ in /home/l30g8pmrb8sv/public_html/resources/views/frontend/includes/footer.blade.php on line 60
[04-Apr-2023 16:14:49 Europe/Istanbul] PHP Fatal error:  Uncaught ErrorException: Undefined variable: states in /home/l30g8pmrb8sv/public_html/storage/framework/views/eeacf8c1304808162ac742dd930e138ef01c324d.php:60
Stack trace:
#0 /home/l30g8pmrb8sv/public_html/storage/framework/views/eeacf8c1304808162ac742dd930e138ef01c324d.php(60): Illuminate\Foundation\Bootstrap\HandleExceptions->handleError(8, 'Undefined varia...', '/home/l30g8pmrb...', 60, Array)
#1 /home/l30g8pmrb8sv/public_html/vendor/laravel/framework/src/Illuminate/Filesystem/Filesystem.php(107): require('/home/l30g8pmrb...')
#2 /home/l30g8pmrb8sv/public_html/vendor/laravel/framework/src/Illuminate/Filesystem/Filesystem.php(108): Illuminate\Filesystem\Filesystem::Illuminate\Filesystem\{closure}()
#3 /home/l30g8pmrb8sv/public_html/vendor/laravel/framework/src/Illuminate/View/Engines/PhpEngine.php(58): Illuminate\Filesystem\Filesystem->getRequire('/home/l30g8pmrb...', Array)
#4 /home/l30g8pmrb8sv/public_html/vendor/laravel/framework/src/Illuminate/View/Engines/CompilerEngine.php(61): Illuminate\View\Engines\ in /home/l30g8pmrb8sv/public_html/resources/views/frontend/includes/footer.blade.php on line 60
[06-Apr-2023 03:50:52 Europe/Istanbul] PHP Fatal error:  Uncaught ErrorException: Undefined variable: states in /home/l30g8pmrb8sv/public_html/storage/framework/views/eeacf8c1304808162ac742dd930e138ef01c324d.php:60
Stack trace:
#0 /home/l30g8pmrb8sv/public_html/storage/framework/views/eeacf8c1304808162ac742dd930e138ef01c324d.php(60): Illuminate\Foundation\Bootstrap\HandleExceptions->handleError(8, 'Undefined varia...', '/home/l30g8pmrb...', 60, Array)
#1 /home/l30g8pmrb8sv/public_html/vendor/laravel/framework/src/Illuminate/Filesystem/Filesystem.php(107): require('/home/l30g8pmrb...')
#2 /home/l30g8pmrb8sv/public_html/vendor/laravel/framework/src/Illuminate/Filesystem/Filesystem.php(108): Illuminate\Filesystem\Filesystem::Illuminate\Filesystem\{closure}()
#3 /home/l30g8pmrb8sv/public_html/vendor/laravel/framework/src/Illuminate/View/Engines/PhpEngine.php(58): Illuminate\Filesystem\Filesystem->getRequire('/home/l30g8pmrb...', Array)
#4 /home/l30g8pmrb8sv/public_html/vendor/laravel/framework/src/Illuminate/View/Engines/CompilerEngine.php(61): Illuminate\View\Engines\ in /home/l30g8pmrb8sv/public_html/resources/views/frontend/includes/footer.blade.php on line 60
[06-Apr-2023 03:50:52 Europe/Istanbul] PHP Fatal error:  Uncaught ErrorException: Undefined variable: states in /home/l30g8pmrb8sv/public_html/storage/framework/views/eeacf8c1304808162ac742dd930e138ef01c324d.php:60
Stack trace:
#0 /home/l30g8pmrb8sv/public_html/storage/framework/views/eeacf8c1304808162ac742dd930e138ef01c324d.php(60): Illuminate\Foundation\Bootstrap\HandleExceptions->handleError(8, 'Undefined varia...', '/home/l30g8pmrb...', 60, Array)
#1 /home/l30g8pmrb8sv/public_html/vendor/laravel/framework/src/Illuminate/Filesystem/Filesystem.php(107): require('/home/l30g8pmrb...')
#2 /home/l30g8pmrb8sv/public_html/vendor/laravel/framework/src/Illuminate/Filesystem/Filesystem.php(108): Illuminate\Filesystem\Filesystem::Illuminate\Filesystem\{closure}()
#3 /home/l30g8pmrb8sv/public_html/vendor/laravel/framework/src/Illuminate/View/Engines/PhpEngine.php(58): Illuminate\Filesystem\Filesystem->getRequire('/home/l30g8pmrb...', Array)
#4 /home/l30g8pmrb8sv/public_html/vendor/laravel/framework/src/Illuminate/View/Engines/CompilerEngine.php(61): Illuminate\View\Engines\ in /home/l30g8pmrb8sv/public_html/resources/views/frontend/includes/footer.blade.php on line 60
[06-Apr-2023 14:47:41 Europe/Istanbul] PHP Fatal error:  Uncaught ErrorException: Undefined variable: states in /home/l30g8pmrb8sv/public_html/storage/framework/views/eeacf8c1304808162ac742dd930e138ef01c324d.php:60
Stack trace:
#0 /home/l30g8pmrb8sv/public_html/storage/framework/views/eeacf8c1304808162ac742dd930e138ef01c324d.php(60): Illuminate\Foundation\Bootstrap\HandleExceptions->handleError(8, 'Undefined varia...', '/home/l30g8pmrb...', 60, Array)
#1 /home/l30g8pmrb8sv/public_html/vendor/laravel/framework/src/Illuminate/Filesystem/Filesystem.php(107): require('/home/l30g8pmrb...')
#2 /home/l30g8pmrb8sv/public_html/vendor/laravel/framework/src/Illuminate/Filesystem/Filesystem.php(108): Illuminate\Filesystem\Filesystem::Illuminate\Filesystem\{closure}()
#3 /home/l30g8pmrb8sv/public_html/vendor/laravel/framework/src/Illuminate/View/Engines/PhpEngine.php(58): Illuminate\Filesystem\Filesystem->getRequire('/home/l30g8pmrb...', Array)
#4 /home/l30g8pmrb8sv/public_html/vendor/laravel/framework/src/Illuminate/View/Engines/CompilerEngine.php(61): Illuminate\View\Engines\ in /home/l30g8pmrb8sv/public_html/resources/views/frontend/includes/footer.blade.php on line 60
[07-Apr-2023 00:27:13 Europe/Istanbul] PHP Fatal error:  Uncaught ErrorException: Undefined variable: states in /home/l30g8pmrb8sv/public_html/storage/framework/views/eeacf8c1304808162ac742dd930e138ef01c324d.php:60
Stack trace:
#0 /home/l30g8pmrb8sv/public_html/storage/framework/views/eeacf8c1304808162ac742dd930e138ef01c324d.php(60): Illuminate\Foundation\Bootstrap\HandleExceptions->handleError(8, 'Undefined varia...', '/home/l30g8pmrb...', 60, Array)
#1 /home/l30g8pmrb8sv/public_html/vendor/laravel/framework/src/Illuminate/Filesystem/Filesystem.php(107): require('/home/l30g8pmrb...')
#2 /home/l30g8pmrb8sv/public_html/vendor/laravel/framework/src/Illuminate/Filesystem/Filesystem.php(108): Illuminate\Filesystem\Filesystem::Illuminate\Filesystem\{closure}()
#3 /home/l30g8pmrb8sv/public_html/vendor/laravel/framework/src/Illuminate/View/Engines/PhpEngine.php(58): Illuminate\Filesystem\Filesystem->getRequire('/home/l30g8pmrb...', Array)
#4 /home/l30g8pmrb8sv/public_html/vendor/laravel/framework/src/Illuminate/View/Engines/CompilerEngine.php(61): Illuminate\View\Engines\ in /home/l30g8pmrb8sv/public_html/resources/views/frontend/includes/footer.blade.php on line 60
[07-Apr-2023 00:27:14 Europe/Istanbul] PHP Fatal error:  Uncaught ErrorException: Undefined variable: states in /home/l30g8pmrb8sv/public_html/storage/framework/views/eeacf8c1304808162ac742dd930e138ef01c324d.php:60
Stack trace:
#0 /home/l30g8pmrb8sv/public_html/storage/framework/views/eeacf8c1304808162ac742dd930e138ef01c324d.php(60): Illuminate\Foundation\Bootstrap\HandleExceptions->handleError(8, 'Undefined varia...', '/home/l30g8pmrb...', 60, Array)
#1 /home/l30g8pmrb8sv/public_html/vendor/laravel/framework/src/Illuminate/Filesystem/Filesystem.php(107): require('/home/l30g8pmrb...')
#2 /home/l30g8pmrb8sv/public_html/vendor/laravel/framework/src/Illuminate/Filesystem/Filesystem.php(108): Illuminate\Filesystem\Filesystem::Illuminate\Filesystem\{closure}()
#3 /home/l30g8pmrb8sv/public_html/vendor/laravel/framework/src/Illuminate/View/Engines/PhpEngine.php(58): Illuminate\Filesystem\Filesystem->getRequire('/home/l30g8pmrb...', Array)
#4 /home/l30g8pmrb8sv/public_html/vendor/laravel/framework/src/Illuminate/View/Engines/CompilerEngine.php(61): Illuminate\View\Engines\ in /home/l30g8pmrb8sv/public_html/resources/views/frontend/includes/footer.blade.php on line 60
[07-Apr-2023 00:27:14 Europe/Istanbul] PHP Fatal error:  Uncaught ErrorException: Undefined variable: states in /home/l30g8pmrb8sv/public_html/storage/framework/views/eeacf8c1304808162ac742dd930e138ef01c324d.php:60
Stack trace:
#0 /home/l30g8pmrb8sv/public_html/storage/framework/views/eeacf8c1304808162ac742dd930e138ef01c324d.php(60): Illuminate\Foundation\Bootstrap\HandleExceptions->handleError(8, 'Undefined varia...', '/home/l30g8pmrb...', 60, Array)
#1 /home/l30g8pmrb8sv/public_html/vendor/laravel/framework/src/Illuminate/Filesystem/Filesystem.php(107): require('/home/l30g8pmrb...')
#2 /home/l30g8pmrb8sv/public_html/vendor/laravel/framework/src/Illuminate/Filesystem/Filesystem.php(108): Illuminate\Filesystem\Filesystem::Illuminate\Filesystem\{closure}()
#3 /home/l30g8pmrb8sv/public_html/vendor/laravel/framework/src/Illuminate/View/Engines/PhpEngine.php(58): Illuminate\Filesystem\Filesystem->getRequire('/home/l30g8pmrb...', Array)
#4 /home/l30g8pmrb8sv/public_html/vendor/laravel/framework/src/Illuminate/View/Engines/CompilerEngine.php(61): Illuminate\View\Engines\ in /home/l30g8pmrb8sv/public_html/resources/views/frontend/includes/footer.blade.php on line 60
[07-Apr-2023 00:27:14 Europe/Istanbul] PHP Fatal error:  Uncaught ErrorException: Undefined variable: states in /home/l30g8pmrb8sv/public_html/storage/framework/views/eeacf8c1304808162ac742dd930e138ef01c324d.php:60
Stack trace:
#0 /home/l30g8pmrb8sv/public_html/storage/framework/views/eeacf8c1304808162ac742dd930e138ef01c324d.php(60): Illuminate\Foundation\Bootstrap\HandleExceptions->handleError(8, 'Undefined varia...', '/home/l30g8pmrb...', 60, Array)
#1 /home/l30g8pmrb8sv/public_html/vendor/laravel/framework/src/Illuminate/Filesystem/Filesystem.php(107): require('/home/l30g8pmrb...')
#2 /home/l30g8pmrb8sv/public_html/vendor/laravel/framework/src/Illuminate/Filesystem/Filesystem.php(108): Illuminate\Filesystem\Filesystem::Illuminate\Filesystem\{closure}()
#3 /home/l30g8pmrb8sv/public_html/vendor/laravel/framework/src/Illuminate/View/Engines/PhpEngine.php(58): Illuminate\Filesystem\Filesystem->getRequire('/home/l30g8pmrb...', Array)
#4 /home/l30g8pmrb8sv/public_html/vendor/laravel/framework/src/Illuminate/View/Engines/CompilerEngine.php(61): Illuminate\View\Engines\ in /home/l30g8pmrb8sv/public_html/resources/views/frontend/includes/footer.blade.php on line 60
[07-Apr-2023 00:27:14 Europe/Istanbul] PHP Fatal error:  Uncaught ErrorException: Undefined variable: states in /home/l30g8pmrb8sv/public_html/storage/framework/views/eeacf8c1304808162ac742dd930e138ef01c324d.php:60
Stack trace:
#0 /home/l30g8pmrb8sv/public_html/storage/framework/views/eeacf8c1304808162ac742dd930e138ef01c324d.php(60): Illuminate\Foundation\Bootstrap\HandleExceptions->handleError(8, 'Undefined varia...', '/home/l30g8pmrb...', 60, Array)
#1 /home/l30g8pmrb8sv/public_html/vendor/laravel/framework/src/Illuminate/Filesystem/Filesystem.php(107): require('/home/l30g8pmrb...')
#2 /home/l30g8pmrb8sv/public_html/vendor/laravel/framework/src/Illuminate/Filesystem/Filesystem.php(108): Illuminate\Filesystem\Filesystem::Illuminate\Filesystem\{closure}()
#3 /home/l30g8pmrb8sv/public_html/vendor/laravel/framework/src/Illuminate/View/Engines/PhpEngine.php(58): Illuminate\Filesystem\Filesystem->getRequire('/home/l30g8pmrb...', Array)
#4 /home/l30g8pmrb8sv/public_html/vendor/laravel/framework/src/Illuminate/View/Engines/CompilerEngine.php(61): Illuminate\View\Engines\ in /home/l30g8pmrb8sv/public_html/resources/views/frontend/includes/footer.blade.php on line 60
[07-Apr-2023 00:27:16 Europe/Istanbul] PHP Fatal error:  Uncaught ErrorException: Undefined variable: states in /home/l30g8pmrb8sv/public_html/storage/framework/views/eeacf8c1304808162ac742dd930e138ef01c324d.php:60
Stack trace:
#0 /home/l30g8pmrb8sv/public_html/storage/framework/views/eeacf8c1304808162ac742dd930e138ef01c324d.php(60): Illuminate\Foundation\Bootstrap\HandleExceptions->handleError(8, 'Undefined varia...', '/home/l30g8pmrb...', 60, Array)
#1 /home/l30g8pmrb8sv/public_html/vendor/laravel/framework/src/Illuminate/Filesystem/Filesystem.php(107): require('/home/l30g8pmrb...')
#2 /home/l30g8pmrb8sv/public_html/vendor/laravel/framework/src/Illuminate/Filesystem/Filesystem.php(108): Illuminate\Filesystem\Filesystem::Illuminate\Filesystem\{closure}()
#3 /home/l30g8pmrb8sv/public_html/vendor/laravel/framework/src/Illuminate/View/Engines/PhpEngine.php(58): Illuminate\Filesystem\Filesystem->getRequire('/home/l30g8pmrb...', Array)
#4 /home/l30g8pmrb8sv/public_html/vendor/laravel/framework/src/Illuminate/View/Engines/CompilerEngine.php(61): Illuminate\View\Engines\ in /home/l30g8pmrb8sv/public_html/resources/views/frontend/includes/footer.blade.php on line 60
[07-Apr-2023 00:27:16 Europe/Istanbul] PHP Fatal error:  Uncaught ErrorException: Undefined variable: states in /home/l30g8pmrb8sv/public_html/storage/framework/views/eeacf8c1304808162ac742dd930e138ef01c324d.php:60
Stack trace:
#0 /home/l30g8pmrb8sv/public_html/storage/framework/views/eeacf8c1304808162ac742dd930e138ef01c324d.php(60): Illuminate\Foundation\Bootstrap\HandleExceptions->handleError(8, 'Undefined varia...', '/home/l30g8pmrb...', 60, Array)
#1 /home/l30g8pmrb8sv/public_html/vendor/laravel/framework/src/Illuminate/Filesystem/Filesystem.php(107): require('/home/l30g8pmrb...')
#2 /home/l30g8pmrb8sv/public_html/vendor/laravel/framework/src/Illuminate/Filesystem/Filesystem.php(108): Illuminate\Filesystem\Filesystem::Illuminate\Filesystem\{closure}()
#3 /home/l30g8pmrb8sv/public_html/vendor/laravel/framework/src/Illuminate/View/Engines/PhpEngine.php(58): Illuminate\Filesystem\Filesystem->getRequire('/home/l30g8pmrb...', Array)
#4 /home/l30g8pmrb8sv/public_html/vendor/laravel/framework/src/Illuminate/View/Engines/CompilerEngine.php(61): Illuminate\View\Engines\ in /home/l30g8pmrb8sv/public_html/resources/views/frontend/includes/footer.blade.php on line 60
[07-Apr-2023 00:27:58 Europe/Istanbul] PHP Fatal error:  Uncaught ErrorException: Undefined variable: states in /home/l30g8pmrb8sv/public_html/storage/framework/views/eeacf8c1304808162ac742dd930e138ef01c324d.php:60
Stack trace:
#0 /home/l30g8pmrb8sv/public_html/storage/framework/views/eeacf8c1304808162ac742dd930e138ef01c324d.php(60): Illuminate\Foundation\Bootstrap\HandleExceptions->handleError(8, 'Undefined varia...', '/home/l30g8pmrb...', 60, Array)
#1 /home/l30g8pmrb8sv/public_html/vendor/laravel/framework/src/Illuminate/Filesystem/Filesystem.php(107): require('/home/l30g8pmrb...')
#2 /home/l30g8pmrb8sv/public_html/vendor/laravel/framework/src/Illuminate/Filesystem/Filesystem.php(108): Illuminate\Filesystem\Filesystem::Illuminate\Filesystem\{closure}()
#3 /home/l30g8pmrb8sv/public_html/vendor/laravel/framework/src/Illuminate/View/Engines/PhpEngine.php(58): Illuminate\Filesystem\Filesystem->getRequire('/home/l30g8pmrb...', Array)
#4 /home/l30g8pmrb8sv/public_html/vendor/laravel/framework/src/Illuminate/View/Engines/CompilerEngine.php(61): Illuminate\View\Engines\ in /home/l30g8pmrb8sv/public_html/resources/views/frontend/includes/footer.blade.php on line 60
[07-Apr-2023 00:27:59 Europe/Istanbul] PHP Fatal error:  Uncaught ErrorException: Undefined variable: states in /home/l30g8pmrb8sv/public_html/storage/framework/views/eeacf8c1304808162ac742dd930e138ef01c324d.php:60
Stack trace:
#0 /home/l30g8pmrb8sv/public_html/storage/framework/views/eeacf8c1304808162ac742dd930e138ef01c324d.php(60): Illuminate\Foundation\Bootstrap\HandleExceptions->handleError(8, 'Undefined varia...', '/home/l30g8pmrb...', 60, Array)
#1 /home/l30g8pmrb8sv/public_html/vendor/laravel/framework/src/Illuminate/Filesystem/Filesystem.php(107): require('/home/l30g8pmrb...')
#2 /home/l30g8pmrb8sv/public_html/vendor/laravel/framework/src/Illuminate/Filesystem/Filesystem.php(108): Illuminate\Filesystem\Filesystem::Illuminate\Filesystem\{closure}()
#3 /home/l30g8pmrb8sv/public_html/vendor/laravel/framework/src/Illuminate/View/Engines/PhpEngine.php(58): Illuminate\Filesystem\Filesystem->getRequire('/home/l30g8pmrb...', Array)
#4 /home/l30g8pmrb8sv/public_html/vendor/laravel/framework/src/Illuminate/View/Engines/CompilerEngine.php(61): Illuminate\View\Engines\ in /home/l30g8pmrb8sv/public_html/resources/views/frontend/includes/footer.blade.php on line 60
[07-Apr-2023 05:45:56 Europe/Istanbul] PHP Fatal error:  Uncaught ErrorException: Undefined variable: states in /home/l30g8pmrb8sv/public_html/storage/framework/views/eeacf8c1304808162ac742dd930e138ef01c324d.php:60
Stack trace:
#0 /home/l30g8pmrb8sv/public_html/storage/framework/views/eeacf8c1304808162ac742dd930e138ef01c324d.php(60): Illuminate\Foundation\Bootstrap\HandleExceptions->handleError(8, 'Undefined varia...', '/home/l30g8pmrb...', 60, Array)
#1 /home/l30g8pmrb8sv/public_html/vendor/laravel/framework/src/Illuminate/Filesystem/Filesystem.php(107): require('/home/l30g8pmrb...')
#2 /home/l30g8pmrb8sv/public_html/vendor/laravel/framework/src/Illuminate/Filesystem/Filesystem.php(108): Illuminate\Filesystem\Filesystem::Illuminate\Filesystem\{closure}()
#3 /home/l30g8pmrb8sv/public_html/vendor/laravel/framework/src/Illuminate/View/Engines/PhpEngine.php(58): Illuminate\Filesystem\Filesystem->getRequire('/home/l30g8pmrb...', Array)
#4 /home/l30g8pmrb8sv/public_html/vendor/laravel/framework/src/Illuminate/View/Engines/CompilerEngine.php(61): Illuminate\View\Engines\ in /home/l30g8pmrb8sv/public_html/resources/views/frontend/includes/footer.blade.php on line 60
[08-Apr-2023 08:04:41 Europe/Istanbul] PHP Fatal error:  Uncaught ErrorException: Undefined variable: states in /home/l30g8pmrb8sv/public_html/storage/framework/views/eeacf8c1304808162ac742dd930e138ef01c324d.php:60
Stack trace:
#0 /home/l30g8pmrb8sv/public_html/storage/framework/views/eeacf8c1304808162ac742dd930e138ef01c324d.php(60): Illuminate\Foundation\Bootstrap\HandleExceptions->handleError(8, 'Undefined varia...', '/home/l30g8pmrb...', 60, Array)
#1 /home/l30g8pmrb8sv/public_html/vendor/laravel/framework/src/Illuminate/Filesystem/Filesystem.php(107): require('/home/l30g8pmrb...')
#2 /home/l30g8pmrb8sv/public_html/vendor/laravel/framework/src/Illuminate/Filesystem/Filesystem.php(108): Illuminate\Filesystem\Filesystem::Illuminate\Filesystem\{closure}()
#3 /home/l30g8pmrb8sv/public_html/vendor/laravel/framework/src/Illuminate/View/Engines/PhpEngine.php(58): Illuminate\Filesystem\Filesystem->getRequire('/home/l30g8pmrb...', Array)
#4 /home/l30g8pmrb8sv/public_html/vendor/laravel/framework/src/Illuminate/View/Engines/CompilerEngine.php(61): Illuminate\View\Engines\ in /home/l30g8pmrb8sv/public_html/resources/views/frontend/includes/footer.blade.php on line 60
[08-Apr-2023 15:27:04 Europe/Istanbul] PHP Fatal error:  Uncaught ErrorException: Undefined variable: states in /home/l30g8pmrb8sv/public_html/storage/framework/views/eeacf8c1304808162ac742dd930e138ef01c324d.php:60
Stack trace:
#0 /home/l30g8pmrb8sv/public_html/storage/framework/views/eeacf8c1304808162ac742dd930e138ef01c324d.php(60): Illuminate\Foundation\Bootstrap\HandleExceptions->handleError(8, 'Undefined varia...', '/home/l30g8pmrb...', 60, Array)
#1 /home/l30g8pmrb8sv/public_html/vendor/laravel/framework/src/Illuminate/Filesystem/Filesystem.php(107): require('/home/l30g8pmrb...')
#2 /home/l30g8pmrb8sv/public_html/vendor/laravel/framework/src/Illuminate/Filesystem/Filesystem.php(108): Illuminate\Filesystem\Filesystem::Illuminate\Filesystem\{closure}()
#3 /home/l30g8pmrb8sv/public_html/vendor/laravel/framework/src/Illuminate/View/Engines/PhpEngine.php(58): Illuminate\Filesystem\Filesystem->getRequire('/home/l30g8pmrb...', Array)
#4 /home/l30g8pmrb8sv/public_html/vendor/laravel/framework/src/Illuminate/View/Engines/CompilerEngine.php(61): Illuminate\View\Engines\ in /home/l30g8pmrb8sv/public_html/resources/views/frontend/includes/footer.blade.php on line 60
